ARM GAS  C:\Users\jarne\AppData\Local\Temp\ccU8FH59.s 			page 1


   1              		.cpu cortex-m0plus
   2              		.arch armv6s-m
   3              		.fpu softvfp
   4              		.eabi_attribute 20, 1
   5              		.eabi_attribute 21, 1
   6              		.eabi_attribute 23, 3
   7              		.eabi_attribute 24, 1
   8              		.eabi_attribute 25, 1
   9              		.eabi_attribute 26, 1
  10              		.eabi_attribute 30, 1
  11              		.eabi_attribute 34, 0
  12              		.eabi_attribute 18, 4
  13              		.file	"stm32l0xx_hal_msp.c"
  14              		.text
  15              	.Ltext0:
  16              		.cfi_sections	.debug_frame
  17              		.file 1 "Core/Src/stm32l0xx_hal_msp.c"
  18              		.section	.text.HAL_MspInit,"ax",%progbits
  19              		.align	1
  20              		.global	HAL_MspInit
  21              		.syntax unified
  22              		.code	16
  23              		.thumb_func
  25              	HAL_MspInit:
  26              	.LFB40:
   1:Core/Src/stm32l0xx_hal_msp.c **** /* USER CODE BEGIN Header */
   2:Core/Src/stm32l0xx_hal_msp.c **** /**
   3:Core/Src/stm32l0xx_hal_msp.c ****   ******************************************************************************
   4:Core/Src/stm32l0xx_hal_msp.c ****   * @file         stm32l0xx_hal_msp.c
   5:Core/Src/stm32l0xx_hal_msp.c ****   * @brief        This file provides code for the MSP Initialization
   6:Core/Src/stm32l0xx_hal_msp.c ****   *               and de-Initialization codes.
   7:Core/Src/stm32l0xx_hal_msp.c ****   ******************************************************************************
   8:Core/Src/stm32l0xx_hal_msp.c ****   * @attention
   9:Core/Src/stm32l0xx_hal_msp.c ****   *
  10:Core/Src/stm32l0xx_hal_msp.c ****   * Copyright (c) 2023 STMicroelectronics.
  11:Core/Src/stm32l0xx_hal_msp.c ****   * All rights reserved.
  12:Core/Src/stm32l0xx_hal_msp.c ****   *
  13:Core/Src/stm32l0xx_hal_msp.c ****   * This software is licensed under terms that can be found in the LICENSE file
  14:Core/Src/stm32l0xx_hal_msp.c ****   * in the root directory of this software component.
  15:Core/Src/stm32l0xx_hal_msp.c ****   * If no LICENSE file comes with this software, it is provided AS-IS.
  16:Core/Src/stm32l0xx_hal_msp.c ****   *
  17:Core/Src/stm32l0xx_hal_msp.c ****   ******************************************************************************
  18:Core/Src/stm32l0xx_hal_msp.c ****   */
  19:Core/Src/stm32l0xx_hal_msp.c **** /* USER CODE END Header */
  20:Core/Src/stm32l0xx_hal_msp.c **** 
  21:Core/Src/stm32l0xx_hal_msp.c **** /* Includes ------------------------------------------------------------------*/
  22:Core/Src/stm32l0xx_hal_msp.c **** #include "main.h"
  23:Core/Src/stm32l0xx_hal_msp.c **** /* USER CODE BEGIN Includes */
  24:Core/Src/stm32l0xx_hal_msp.c **** 
  25:Core/Src/stm32l0xx_hal_msp.c **** /* USER CODE END Includes */
  26:Core/Src/stm32l0xx_hal_msp.c **** 
  27:Core/Src/stm32l0xx_hal_msp.c **** /* Private typedef -----------------------------------------------------------*/
  28:Core/Src/stm32l0xx_hal_msp.c **** /* USER CODE BEGIN TD */
  29:Core/Src/stm32l0xx_hal_msp.c **** 
  30:Core/Src/stm32l0xx_hal_msp.c **** /* USER CODE END TD */
  31:Core/Src/stm32l0xx_hal_msp.c **** 
  32:Core/Src/stm32l0xx_hal_msp.c **** /* Private define ------------------------------------------------------------*/
ARM GAS  C:\Users\jarne\AppData\Local\Temp\ccU8FH59.s 			page 2


  33:Core/Src/stm32l0xx_hal_msp.c **** /* USER CODE BEGIN Define */
  34:Core/Src/stm32l0xx_hal_msp.c **** 
  35:Core/Src/stm32l0xx_hal_msp.c **** /* USER CODE END Define */
  36:Core/Src/stm32l0xx_hal_msp.c **** 
  37:Core/Src/stm32l0xx_hal_msp.c **** /* Private macro -------------------------------------------------------------*/
  38:Core/Src/stm32l0xx_hal_msp.c **** /* USER CODE BEGIN Macro */
  39:Core/Src/stm32l0xx_hal_msp.c **** 
  40:Core/Src/stm32l0xx_hal_msp.c **** /* USER CODE END Macro */
  41:Core/Src/stm32l0xx_hal_msp.c **** 
  42:Core/Src/stm32l0xx_hal_msp.c **** /* Private variables ---------------------------------------------------------*/
  43:Core/Src/stm32l0xx_hal_msp.c **** /* USER CODE BEGIN PV */
  44:Core/Src/stm32l0xx_hal_msp.c **** 
  45:Core/Src/stm32l0xx_hal_msp.c **** /* USER CODE END PV */
  46:Core/Src/stm32l0xx_hal_msp.c **** 
  47:Core/Src/stm32l0xx_hal_msp.c **** /* Private function prototypes -----------------------------------------------*/
  48:Core/Src/stm32l0xx_hal_msp.c **** /* USER CODE BEGIN PFP */
  49:Core/Src/stm32l0xx_hal_msp.c **** 
  50:Core/Src/stm32l0xx_hal_msp.c **** /* USER CODE END PFP */
  51:Core/Src/stm32l0xx_hal_msp.c **** 
  52:Core/Src/stm32l0xx_hal_msp.c **** /* External functions --------------------------------------------------------*/
  53:Core/Src/stm32l0xx_hal_msp.c **** /* USER CODE BEGIN ExternalFunctions */
  54:Core/Src/stm32l0xx_hal_msp.c **** 
  55:Core/Src/stm32l0xx_hal_msp.c **** /* USER CODE END ExternalFunctions */
  56:Core/Src/stm32l0xx_hal_msp.c **** 
  57:Core/Src/stm32l0xx_hal_msp.c **** /* USER CODE BEGIN 0 */
  58:Core/Src/stm32l0xx_hal_msp.c **** 
  59:Core/Src/stm32l0xx_hal_msp.c **** /* USER CODE END 0 */
  60:Core/Src/stm32l0xx_hal_msp.c **** /**
  61:Core/Src/stm32l0xx_hal_msp.c ****   * Initializes the Global MSP.
  62:Core/Src/stm32l0xx_hal_msp.c ****   */
  63:Core/Src/stm32l0xx_hal_msp.c **** void HAL_MspInit(void)
  64:Core/Src/stm32l0xx_hal_msp.c **** {
  27              		.loc 1 64 1 view -0
  28              		.cfi_startproc
  29              		@ args = 0, pretend = 0, frame = 0
  30              		@ frame_needed = 0, uses_anonymous_args = 0
  31              		@ link register save eliminated.
  65:Core/Src/stm32l0xx_hal_msp.c ****   /* USER CODE BEGIN MspInit 0 */
  66:Core/Src/stm32l0xx_hal_msp.c **** 
  67:Core/Src/stm32l0xx_hal_msp.c ****   /* USER CODE END MspInit 0 */
  68:Core/Src/stm32l0xx_hal_msp.c **** 
  69:Core/Src/stm32l0xx_hal_msp.c ****   __HAL_RCC_SYSCFG_CLK_ENABLE();
  32              		.loc 1 69 3 view .LVU1
  33 0000 054B     		ldr	r3, .L2
  34 0002 5A6B     		ldr	r2, [r3, #52]
  35 0004 0121     		movs	r1, #1
  36 0006 0A43     		orrs	r2, r1
  37 0008 5A63     		str	r2, [r3, #52]
  70:Core/Src/stm32l0xx_hal_msp.c ****   __HAL_RCC_PWR_CLK_ENABLE();
  38              		.loc 1 70 3 view .LVU2
  39 000a 996B     		ldr	r1, [r3, #56]
  40 000c 8022     		movs	r2, #128
  41 000e 5205     		lsls	r2, r2, #21
  42 0010 0A43     		orrs	r2, r1
  43 0012 9A63     		str	r2, [r3, #56]
  71:Core/Src/stm32l0xx_hal_msp.c **** 
  72:Core/Src/stm32l0xx_hal_msp.c ****   /* System interrupt init*/
ARM GAS  C:\Users\jarne\AppData\Local\Temp\ccU8FH59.s 			page 3


  73:Core/Src/stm32l0xx_hal_msp.c **** 
  74:Core/Src/stm32l0xx_hal_msp.c ****   /* USER CODE BEGIN MspInit 1 */
  75:Core/Src/stm32l0xx_hal_msp.c **** 
  76:Core/Src/stm32l0xx_hal_msp.c ****   /* USER CODE END MspInit 1 */
  77:Core/Src/stm32l0xx_hal_msp.c **** }
  44              		.loc 1 77 1 is_stmt 0 view .LVU3
  45              		@ sp needed
  46 0014 7047     		bx	lr
  47              	.L3:
  48 0016 C046     		.align	2
  49              	.L2:
  50 0018 00100240 		.word	1073876992
  51              		.cfi_endproc
  52              	.LFE40:
  54              		.section	.text.HAL_ADC_MspInit,"ax",%progbits
  55              		.align	1
  56              		.global	HAL_ADC_MspInit
  57              		.syntax unified
  58              		.code	16
  59              		.thumb_func
  61              	HAL_ADC_MspInit:
  62              	.LVL0:
  63              	.LFB41:
  78:Core/Src/stm32l0xx_hal_msp.c **** 
  79:Core/Src/stm32l0xx_hal_msp.c **** /**
  80:Core/Src/stm32l0xx_hal_msp.c **** * @brief ADC MSP Initialization
  81:Core/Src/stm32l0xx_hal_msp.c **** * This function configures the hardware resources used in this example
  82:Core/Src/stm32l0xx_hal_msp.c **** * @param hadc: ADC handle pointer
  83:Core/Src/stm32l0xx_hal_msp.c **** * @retval None
  84:Core/Src/stm32l0xx_hal_msp.c **** */
  85:Core/Src/stm32l0xx_hal_msp.c **** void HAL_ADC_MspInit(ADC_HandleTypeDef* hadc)
  86:Core/Src/stm32l0xx_hal_msp.c **** {
  64              		.loc 1 86 1 is_stmt 1 view -0
  65              		.cfi_startproc
  66              		@ args = 0, pretend = 0, frame = 24
  67              		@ frame_needed = 0, uses_anonymous_args = 0
  68              		.loc 1 86 1 is_stmt 0 view .LVU5
  69 0000 10B5     		push	{r4, lr}
  70              	.LCFI0:
  71              		.cfi_def_cfa_offset 8
  72              		.cfi_offset 4, -8
  73              		.cfi_offset 14, -4
  74 0002 86B0     		sub	sp, sp, #24
  75              	.LCFI1:
  76              		.cfi_def_cfa_offset 32
  77 0004 0400     		movs	r4, r0
  87:Core/Src/stm32l0xx_hal_msp.c ****   GPIO_InitTypeDef GPIO_InitStruct = {0};
  78              		.loc 1 87 3 is_stmt 1 view .LVU6
  79              		.loc 1 87 20 is_stmt 0 view .LVU7
  80 0006 1422     		movs	r2, #20
  81 0008 0021     		movs	r1, #0
  82 000a 01A8     		add	r0, sp, #4
  83              	.LVL1:
  84              		.loc 1 87 20 view .LVU8
  85 000c FFF7FEFF 		bl	memset
  86              	.LVL2:
  88:Core/Src/stm32l0xx_hal_msp.c ****   if(hadc->Instance==ADC1)
ARM GAS  C:\Users\jarne\AppData\Local\Temp\ccU8FH59.s 			page 4


  87              		.loc 1 88 3 is_stmt 1 view .LVU9
  88              		.loc 1 88 10 is_stmt 0 view .LVU10
  89 0010 2268     		ldr	r2, [r4]
  90              		.loc 1 88 5 view .LVU11
  91 0012 0E4B     		ldr	r3, .L7
  92 0014 9A42     		cmp	r2, r3
  93 0016 01D0     		beq	.L6
  94              	.L4:
  89:Core/Src/stm32l0xx_hal_msp.c ****   {
  90:Core/Src/stm32l0xx_hal_msp.c ****   /* USER CODE BEGIN ADC1_MspInit 0 */
  91:Core/Src/stm32l0xx_hal_msp.c **** 
  92:Core/Src/stm32l0xx_hal_msp.c ****   /* USER CODE END ADC1_MspInit 0 */
  93:Core/Src/stm32l0xx_hal_msp.c ****     /* Peripheral clock enable */
  94:Core/Src/stm32l0xx_hal_msp.c ****     __HAL_RCC_ADC1_CLK_ENABLE();
  95:Core/Src/stm32l0xx_hal_msp.c **** 
  96:Core/Src/stm32l0xx_hal_msp.c ****     __HAL_RCC_GPIOA_CLK_ENABLE();
  97:Core/Src/stm32l0xx_hal_msp.c ****     /**ADC GPIO Configuration
  98:Core/Src/stm32l0xx_hal_msp.c ****     PA5     ------> ADC_IN5
  99:Core/Src/stm32l0xx_hal_msp.c ****     PA6     ------> ADC_IN6
 100:Core/Src/stm32l0xx_hal_msp.c ****     PA7     ------> ADC_IN7
 101:Core/Src/stm32l0xx_hal_msp.c ****     */
 102:Core/Src/stm32l0xx_hal_msp.c ****     GPIO_InitStruct.Pin = GPIO_PIN_5|GPIO_PIN_6|GPIO_PIN_7;
 103:Core/Src/stm32l0xx_hal_msp.c ****     GPIO_InitStruct.Mode = GPIO_MODE_ANALOG;
 104:Core/Src/stm32l0xx_hal_msp.c ****     GPIO_InitStruct.Pull = GPIO_NOPULL;
 105:Core/Src/stm32l0xx_hal_msp.c ****     HAL_GPIO_Init(GPIOA, &GPIO_InitStruct);
 106:Core/Src/stm32l0xx_hal_msp.c **** 
 107:Core/Src/stm32l0xx_hal_msp.c ****   /* USER CODE BEGIN ADC1_MspInit 1 */
 108:Core/Src/stm32l0xx_hal_msp.c **** 
 109:Core/Src/stm32l0xx_hal_msp.c ****   /* USER CODE END ADC1_MspInit 1 */
 110:Core/Src/stm32l0xx_hal_msp.c ****   }
 111:Core/Src/stm32l0xx_hal_msp.c **** 
 112:Core/Src/stm32l0xx_hal_msp.c **** }
  95              		.loc 1 112 1 view .LVU12
  96 0018 06B0     		add	sp, sp, #24
  97              		@ sp needed
  98              	.LVL3:
  99              		.loc 1 112 1 view .LVU13
 100 001a 10BD     		pop	{r4, pc}
 101              	.LVL4:
 102              	.L6:
  94:Core/Src/stm32l0xx_hal_msp.c **** 
 103              		.loc 1 94 5 is_stmt 1 view .LVU14
 104 001c 0C4B     		ldr	r3, .L7+4
 105 001e 596B     		ldr	r1, [r3, #52]
 106 0020 8022     		movs	r2, #128
 107 0022 9200     		lsls	r2, r2, #2
 108 0024 0A43     		orrs	r2, r1
 109 0026 5A63     		str	r2, [r3, #52]
  96:Core/Src/stm32l0xx_hal_msp.c ****     /**ADC GPIO Configuration
 110              		.loc 1 96 5 view .LVU15
 111              	.LBB2:
  96:Core/Src/stm32l0xx_hal_msp.c ****     /**ADC GPIO Configuration
 112              		.loc 1 96 5 view .LVU16
  96:Core/Src/stm32l0xx_hal_msp.c ****     /**ADC GPIO Configuration
 113              		.loc 1 96 5 view .LVU17
 114 0028 D96A     		ldr	r1, [r3, #44]
 115 002a 0122     		movs	r2, #1
ARM GAS  C:\Users\jarne\AppData\Local\Temp\ccU8FH59.s 			page 5


 116 002c 1143     		orrs	r1, r2
 117 002e D962     		str	r1, [r3, #44]
  96:Core/Src/stm32l0xx_hal_msp.c ****     /**ADC GPIO Configuration
 118              		.loc 1 96 5 view .LVU18
 119 0030 DB6A     		ldr	r3, [r3, #44]
 120 0032 1A40     		ands	r2, r3
 121 0034 0092     		str	r2, [sp]
  96:Core/Src/stm32l0xx_hal_msp.c ****     /**ADC GPIO Configuration
 122              		.loc 1 96 5 view .LVU19
 123 0036 009B     		ldr	r3, [sp]
 124              	.LBE2:
  96:Core/Src/stm32l0xx_hal_msp.c ****     /**ADC GPIO Configuration
 125              		.loc 1 96 5 view .LVU20
 102:Core/Src/stm32l0xx_hal_msp.c ****     GPIO_InitStruct.Mode = GPIO_MODE_ANALOG;
 126              		.loc 1 102 5 view .LVU21
 102:Core/Src/stm32l0xx_hal_msp.c ****     GPIO_InitStruct.Mode = GPIO_MODE_ANALOG;
 127              		.loc 1 102 25 is_stmt 0 view .LVU22
 128 0038 E023     		movs	r3, #224
 129 003a 0193     		str	r3, [sp, #4]
 103:Core/Src/stm32l0xx_hal_msp.c ****     GPIO_InitStruct.Pull = GPIO_NOPULL;
 130              		.loc 1 103 5 is_stmt 1 view .LVU23
 103:Core/Src/stm32l0xx_hal_msp.c ****     GPIO_InitStruct.Pull = GPIO_NOPULL;
 131              		.loc 1 103 26 is_stmt 0 view .LVU24
 132 003c DD3B     		subs	r3, r3, #221
 133 003e 0293     		str	r3, [sp, #8]
 104:Core/Src/stm32l0xx_hal_msp.c ****     HAL_GPIO_Init(GPIOA, &GPIO_InitStruct);
 134              		.loc 1 104 5 is_stmt 1 view .LVU25
 105:Core/Src/stm32l0xx_hal_msp.c **** 
 135              		.loc 1 105 5 view .LVU26
 136 0040 A020     		movs	r0, #160
 137 0042 01A9     		add	r1, sp, #4
 138 0044 C005     		lsls	r0, r0, #23
 139 0046 FFF7FEFF 		bl	HAL_GPIO_Init
 140              	.LVL5:
 141              		.loc 1 112 1 is_stmt 0 view .LVU27
 142 004a E5E7     		b	.L4
 143              	.L8:
 144              		.align	2
 145              	.L7:
 146 004c 00240140 		.word	1073816576
 147 0050 00100240 		.word	1073876992
 148              		.cfi_endproc
 149              	.LFE41:
 151              		.section	.text.HAL_ADC_MspDeInit,"ax",%progbits
 152              		.align	1
 153              		.global	HAL_ADC_MspDeInit
 154              		.syntax unified
 155              		.code	16
 156              		.thumb_func
 158              	HAL_ADC_MspDeInit:
 159              	.LVL6:
 160              	.LFB42:
 113:Core/Src/stm32l0xx_hal_msp.c **** 
 114:Core/Src/stm32l0xx_hal_msp.c **** /**
 115:Core/Src/stm32l0xx_hal_msp.c **** * @brief ADC MSP De-Initialization
 116:Core/Src/stm32l0xx_hal_msp.c **** * This function freeze the hardware resources used in this example
 117:Core/Src/stm32l0xx_hal_msp.c **** * @param hadc: ADC handle pointer
ARM GAS  C:\Users\jarne\AppData\Local\Temp\ccU8FH59.s 			page 6


 118:Core/Src/stm32l0xx_hal_msp.c **** * @retval None
 119:Core/Src/stm32l0xx_hal_msp.c **** */
 120:Core/Src/stm32l0xx_hal_msp.c **** void HAL_ADC_MspDeInit(ADC_HandleTypeDef* hadc)
 121:Core/Src/stm32l0xx_hal_msp.c **** {
 161              		.loc 1 121 1 is_stmt 1 view -0
 162              		.cfi_startproc
 163              		@ args = 0, pretend = 0, frame = 0
 164              		@ frame_needed = 0, uses_anonymous_args = 0
 165              		.loc 1 121 1 is_stmt 0 view .LVU29
 166 0000 10B5     		push	{r4, lr}
 167              	.LCFI2:
 168              		.cfi_def_cfa_offset 8
 169              		.cfi_offset 4, -8
 170              		.cfi_offset 14, -4
 122:Core/Src/stm32l0xx_hal_msp.c ****   if(hadc->Instance==ADC1)
 171              		.loc 1 122 3 is_stmt 1 view .LVU30
 172              		.loc 1 122 10 is_stmt 0 view .LVU31
 173 0002 0268     		ldr	r2, [r0]
 174              		.loc 1 122 5 view .LVU32
 175 0004 074B     		ldr	r3, .L12
 176 0006 9A42     		cmp	r2, r3
 177 0008 00D0     		beq	.L11
 178              	.LVL7:
 179              	.L9:
 123:Core/Src/stm32l0xx_hal_msp.c ****   {
 124:Core/Src/stm32l0xx_hal_msp.c ****   /* USER CODE BEGIN ADC1_MspDeInit 0 */
 125:Core/Src/stm32l0xx_hal_msp.c **** 
 126:Core/Src/stm32l0xx_hal_msp.c ****   /* USER CODE END ADC1_MspDeInit 0 */
 127:Core/Src/stm32l0xx_hal_msp.c ****     /* Peripheral clock disable */
 128:Core/Src/stm32l0xx_hal_msp.c ****     __HAL_RCC_ADC1_CLK_DISABLE();
 129:Core/Src/stm32l0xx_hal_msp.c **** 
 130:Core/Src/stm32l0xx_hal_msp.c ****     /**ADC GPIO Configuration
 131:Core/Src/stm32l0xx_hal_msp.c ****     PA5     ------> ADC_IN5
 132:Core/Src/stm32l0xx_hal_msp.c ****     PA6     ------> ADC_IN6
 133:Core/Src/stm32l0xx_hal_msp.c ****     PA7     ------> ADC_IN7
 134:Core/Src/stm32l0xx_hal_msp.c ****     */
 135:Core/Src/stm32l0xx_hal_msp.c ****     HAL_GPIO_DeInit(GPIOA, GPIO_PIN_5|GPIO_PIN_6|GPIO_PIN_7);
 136:Core/Src/stm32l0xx_hal_msp.c **** 
 137:Core/Src/stm32l0xx_hal_msp.c ****   /* USER CODE BEGIN ADC1_MspDeInit 1 */
 138:Core/Src/stm32l0xx_hal_msp.c **** 
 139:Core/Src/stm32l0xx_hal_msp.c ****   /* USER CODE END ADC1_MspDeInit 1 */
 140:Core/Src/stm32l0xx_hal_msp.c ****   }
 141:Core/Src/stm32l0xx_hal_msp.c **** 
 142:Core/Src/stm32l0xx_hal_msp.c **** }
 180              		.loc 1 142 1 view .LVU33
 181              		@ sp needed
 182 000a 10BD     		pop	{r4, pc}
 183              	.LVL8:
 184              	.L11:
 128:Core/Src/stm32l0xx_hal_msp.c **** 
 185              		.loc 1 128 5 is_stmt 1 view .LVU34
 186 000c 064A     		ldr	r2, .L12+4
 187 000e 536B     		ldr	r3, [r2, #52]
 188 0010 0649     		ldr	r1, .L12+8
 189 0012 0B40     		ands	r3, r1
 190 0014 5363     		str	r3, [r2, #52]
 135:Core/Src/stm32l0xx_hal_msp.c **** 
ARM GAS  C:\Users\jarne\AppData\Local\Temp\ccU8FH59.s 			page 7


 191              		.loc 1 135 5 view .LVU35
 192 0016 A020     		movs	r0, #160
 193              	.LVL9:
 135:Core/Src/stm32l0xx_hal_msp.c **** 
 194              		.loc 1 135 5 is_stmt 0 view .LVU36
 195 0018 E021     		movs	r1, #224
 196 001a C005     		lsls	r0, r0, #23
 197 001c FFF7FEFF 		bl	HAL_GPIO_DeInit
 198              	.LVL10:
 199              		.loc 1 142 1 view .LVU37
 200 0020 F3E7     		b	.L9
 201              	.L13:
 202 0022 C046     		.align	2
 203              	.L12:
 204 0024 00240140 		.word	1073816576
 205 0028 00100240 		.word	1073876992
 206 002c FFFDFFFF 		.word	-513
 207              		.cfi_endproc
 208              	.LFE42:
 210              		.text
 211              	.Letext0:
 212              		.file 2 "c:\\users\\jarne\\appdata\\roaming\\gnu mcu eclipse\\arm embedded gcc\\arm-none-eabi\\inc
 213              		.file 3 "c:\\users\\jarne\\appdata\\roaming\\gnu mcu eclipse\\arm embedded gcc\\arm-none-eabi\\inc
 214              		.file 4 "Drivers/CMSIS/Device/ST/STM32L0xx/Include/stm32l011xx.h"
 215              		.file 5 "Drivers/CMSIS/Device/ST/STM32L0xx/Include/stm32l0xx.h"
 216              		.file 6 "Drivers/STM32L0xx_HAL_Driver/Inc/stm32l0xx_hal_def.h"
 217              		.file 7 "Drivers/STM32L0xx_HAL_Driver/Inc/stm32l0xx_hal_gpio.h"
 218              		.file 8 "Drivers/STM32L0xx_HAL_Driver/Inc/stm32l0xx_hal_dma.h"
 219              		.file 9 "Drivers/STM32L0xx_HAL_Driver/Inc/stm32l0xx_hal_adc.h"
 220              		.file 10 "<built-in>"
ARM GAS  C:\Users\jarne\AppData\Local\Temp\ccU8FH59.s 			page 8


DEFINED SYMBOLS
                            *ABS*:0000000000000000 stm32l0xx_hal_msp.c
C:\Users\jarne\AppData\Local\Temp\ccU8FH59.s:19     .text.HAL_MspInit:0000000000000000 $t
C:\Users\jarne\AppData\Local\Temp\ccU8FH59.s:25     .text.HAL_MspInit:0000000000000000 HAL_MspInit
C:\Users\jarne\AppData\Local\Temp\ccU8FH59.s:50     .text.HAL_MspInit:0000000000000018 $d
C:\Users\jarne\AppData\Local\Temp\ccU8FH59.s:55     .text.HAL_ADC_MspInit:0000000000000000 $t
C:\Users\jarne\AppData\Local\Temp\ccU8FH59.s:61     .text.HAL_ADC_MspInit:0000000000000000 HAL_ADC_MspInit
C:\Users\jarne\AppData\Local\Temp\ccU8FH59.s:146    .text.HAL_ADC_MspInit:000000000000004c $d
C:\Users\jarne\AppData\Local\Temp\ccU8FH59.s:152    .text.HAL_ADC_MspDeInit:0000000000000000 $t
C:\Users\jarne\AppData\Local\Temp\ccU8FH59.s:158    .text.HAL_ADC_MspDeInit:0000000000000000 HAL_ADC_MspDeInit
C:\Users\jarne\AppData\Local\Temp\ccU8FH59.s:204    .text.HAL_ADC_MspDeInit:0000000000000024 $d

UNDEFINED SYMBOLS
memset
HAL_GPIO_Init
HAL_GPIO_DeInit
